[12-Mar-2026 23:47:21 UTC] PHP Warning:  Undefined variable $parent_theme_name in /workspaces/UX308-Assignment-2/.wordpress/wp-content/mu-plugins/one-click-child-theme/templates/create_child_form.php on line 18
[12-Mar-2026 23:48:41 UTC] PHP Parse error:  Unmatched '}' in /workspaces/UX308-Assignment-2/.wordpress/wp-content/themes/assignment-2/functions.php on line 15
[12-Mar-2026 23:48:41 UTC] PHP Warning:  Trying to access array offset on false in /workspaces/UX308-Assignment-2/.wordpress/wp-includes/class-wp-recovery-mode-email-service.php on line 367
[12-Mar-2026 23:48:41 UTC] PHP Warning:  Trying to access array offset on false in /workspaces/UX308-Assignment-2/.wordpress/wp-includes/class-wp-recovery-mode-email-service.php on line 368
[12-Mar-2026 23:48:41 UTC] PHP Fatal error:  Uncaught Error: Call to undefined function ic_string_contains() in /workspaces/UX308-Assignment-2/.wordpress/wp-content/plugins/ecommerce-product-catalog/includes/tracking.php:467
Stack trace:
#0 /workspaces/UX308-Assignment-2/.wordpress/wp-includes/class-wp-hook.php(341): IC_EPC_Tracking->paused_plugin_report_email(Array, 'http://localhos...')
#1 /workspaces/UX308-Assignment-2/.wordpress/wp-includes/plugin.php(205): WP_Hook->apply_filters(Array, Array)
#2 /workspaces/UX308-Assignment-2/.wordpress/wp-includes/class-wp-recovery-mode-email-service.php(223): apply_filters('recovery_mode_e...', Array, 'http://localhos...')
#3 /workspaces/UX308-Assignment-2/.wordpress/wp-includes/class-wp-recovery-mode-email-service.php(62): WP_Recovery_Mode_Email_Service->send_recovery_mode_email(86400, Array, Array)
#4 /workspaces/UX308-Assignment-2/.wordpress/wp-includes/class-wp-recovery-mode.php(185): WP_Recovery_Mode_Email_Service->maybe_send_recovery_mode_email(86400, Array, Array)
#5 /workspaces/UX308-Assignment-2/.wordpress/wp-includes/class-wp-fatal-error-handler.php(55): WP_Recovery_Mode->handle_error(Array)
#6 [internal function]: WP_Fatal_Error_Handler->handle()
#7 {main}
  thrown in /workspaces/UX308-Assignment-2/.wordpress/wp-content/plugins/ecommerce-product-catalog/includes/tracking.php on line 467
[12-Mar-2026 23:50:21 UTC] PHP Parse error:  Unmatched '}' in /workspaces/UX308-Assignment-2/.wordpress/wp-content/themes/assignment-2/functions.php on line 15
[12-Mar-2026 23:51:22 UTC] PHP Parse error:  Unmatched '}' in /workspaces/UX308-Assignment-2/.wordpress/wp-content/themes/assignment-2/functions.php on line 15
[12-Mar-2026 23:53:23 UTC] PHP Parse error:  Unmatched '}' in /workspaces/UX308-Assignment-2/.wordpress/wp-content/themes/assignment-2/functions.php on line 15
[12-Mar-2026 23:53:43 UTC] PHP Parse error:  Unmatched '}' in /workspaces/UX308-Assignment-2/.wordpress/wp-content/themes/assignment-2/functions.php on line 15
[12-Mar-2026 23:53:53 UTC] PHP Parse error:  Unmatched '}' in /workspaces/UX308-Assignment-2/.wordpress/wp-content/themes/assignment-2/functions.php on line 15
[12-Mar-2026 23:53:56 UTC] PHP Parse error:  Unmatched '}' in /workspaces/UX308-Assignment-2/.wordpress/wp-content/themes/assignment-2/functions.php on line 15
[12-Mar-2026 23:53:59 UTC] PHP Parse error:  Unmatched '}' in /workspaces/UX308-Assignment-2/.wordpress/wp-content/themes/assignment-2/functions.php on line 15
[12-Mar-2026 23:54:03 UTC] PHP Parse error:  Unmatched '}' in /workspaces/UX308-Assignment-2/.wordpress/wp-content/themes/assignment-2/functions.php on line 15
[12-Mar-2026 23:54:53 UTC] PHP Fatal error:  Uncaught Error: Call to undefined function wp_enqueue_script_mode() in /workspaces/UX308-Assignment-2/.wordpress/wp-content/themes/assignment-2/functions.php:13
Stack trace:
#0 /workspaces/UX308-Assignment-2/.wordpress/wp-includes/class-wp-hook.php(341): theme_enqueue_styles('')
#1 /workspaces/UX308-Assignment-2/.wordpress/wp-includes/class-wp-hook.php(365): WP_Hook->apply_filters(NULL, Array)
#2 /workspaces/UX308-Assignment-2/.wordpress/wp-includes/plugin.php(522): WP_Hook->do_action(Array)
#3 /workspaces/UX308-Assignment-2/.wordpress/wp-includes/script-loader.php(2311): do_action('wp_enqueue_scri...')
#4 /workspaces/UX308-Assignment-2/.wordpress/wp-includes/class-wp-hook.php(341): wp_enqueue_scripts('')
#5 /workspaces/UX308-Assignment-2/.wordpress/wp-includes/class-wp-hook.php(365): WP_Hook->apply_filters(NULL, Array)
#6 /workspaces/UX308-Assignment-2/.wordpress/wp-includes/plugin.php(522): WP_Hook->do_action(Array)
#7 /workspaces/UX308-Assignment-2/.wordpress/wp-includes/general-template.php(3197): do_action('wp_head')
#8 /workspaces/UX308-Assignment-2/.wordpress/wp-content/themes/economics/header.php(18): wp_head()
#9 /workspaces/UX308-Assignment-2/.wordpress/wp-includes/template.php(814): require_once('/workspaces/UX3...')
#10 /workspaces/UX308-Assignment-2/.wordpress/wp-includes/template.php(749): load_template('/workspaces/UX3...', true, Array)
#11 /workspaces/UX308-Assignment-2/.wordpress/wp-includes/general-template.php(48): locate_template(Array, true, true, Array)
#12 /workspaces/UX308-Assignment-2/.wordpress/wp-content/themes/economics/index.php(13): get_header()
#13 /workspaces/UX308-Assignment-2/.wordpress/wp-includes/template-loader.php(132): include('/workspaces/UX3...')
#14 /workspaces/UX308-Assignment-2/.wordpress/wp-blog-header.php(19): require_once('/workspaces/UX3...')
#15 /workspaces/UX308-Assignment-2/.wordpress/index.php(17): require('/workspaces/UX3...')
#16 {main}
  thrown in /workspaces/UX308-Assignment-2/.wordpress/wp-content/themes/assignment-2/functions.php on line 13
[12-Mar-2026 23:55:47 UTC] PHP Fatal error:  Uncaught Error: Call to undefined function wp_enqueue_script_mode() in /workspaces/UX308-Assignment-2/.wordpress/wp-content/themes/assignment-2/functions.php:13
Stack trace:
#0 /workspaces/UX308-Assignment-2/.wordpress/wp-includes/class-wp-hook.php(341): theme_enqueue_styles('')
#1 /workspaces/UX308-Assignment-2/.wordpress/wp-includes/class-wp-hook.php(365): WP_Hook->apply_filters(NULL, Array)
#2 /workspaces/UX308-Assignment-2/.wordpress/wp-includes/plugin.php(522): WP_Hook->do_action(Array)
#3 /workspaces/UX308-Assignment-2/.wordpress/wp-includes/script-loader.php(2311): do_action('wp_enqueue_scri...')
#4 /workspaces/UX308-Assignment-2/.wordpress/wp-includes/class-wp-hook.php(341): wp_enqueue_scripts('')
#5 /workspaces/UX308-Assignment-2/.wordpress/wp-includes/class-wp-hook.php(365): WP_Hook->apply_filters(NULL, Array)
#6 /workspaces/UX308-Assignment-2/.wordpress/wp-includes/plugin.php(522): WP_Hook->do_action(Array)
#7 /workspaces/UX308-Assignment-2/.wordpress/wp-includes/general-template.php(3197): do_action('wp_head')
#8 /workspaces/UX308-Assignment-2/.wordpress/wp-content/themes/economics/header.php(18): wp_head()
#9 /workspaces/UX308-Assignment-2/.wordpress/wp-includes/template.php(814): require_once('/workspaces/UX3...')
#10 /workspaces/UX308-Assignment-2/.wordpress/wp-includes/template.php(749): load_template('/workspaces/UX3...', true, Array)
#11 /workspaces/UX308-Assignment-2/.wordpress/wp-includes/general-template.php(48): locate_template(Array, true, true, Array)
#12 /workspaces/UX308-Assignment-2/.wordpress/wp-content/themes/economics/index.php(13): get_header()
#13 /workspaces/UX308-Assignment-2/.wordpress/wp-includes/template-loader.php(132): include('/workspaces/UX3...')
#14 /workspaces/UX308-Assignment-2/.wordpress/wp-blog-header.php(19): require_once('/workspaces/UX3...')
#15 /workspaces/UX308-Assignment-2/.wordpress/index.php(17): require('/workspaces/UX3...')
#16 {main}
  thrown in /workspaces/UX308-Assignment-2/.wordpress/wp-content/themes/assignment-2/functions.php on line 13
